# JRE version: OpenJDK Runtime Environment Temurin-21.0.8+9 (21.0.8+9) (build 21.0.8+9-LTS)
# Java VM: OpenJDK 64-Bit Server VM Temurin-21.0.8+9 (21.0.8+9-LTS, mixed mode, sharing, tiered, compressed oops, compressed class ptrs, parallel gc, windows-amd64)
GC Precious Log:
 CardTable entry size: 512
 CPUs: 16 total, 16 available
 Memory: 7896M
 Large Page Support: Disabled
 NUMA Support: Disabled
 Compressed Oops: Enabled (32-bit)
 Alignments: Space 512K, Generation 512K, Heap 2M
 Heap Min Capacity: 100M
 Heap Initial Capacity: 100M
 Heap Max Capacity: 2G
 Pre-touch: Disabled
 Parallel Workers: 13
Heap:
 PSYoungGen      total 7680K, used 1513K [0x00000000d5580000, 0x00000000d5f80000, 0x0000000100000000)
  eden space 6144K, 0% used [0x00000000d5580000,0x00000000d5580000,0x00000000d5b80000)
  from space 1536K, 98% used [0x00000000d5e00000,0x00000000d5f7a698,0x00000000d5f80000)
  to   space 2048K, 0% used [0x00000000d5c00000,0x00000000d5c00000,0x00000000d5e00000)
 ParOldGen       total 180224K, used 179993K [0x0000000080000000, 0x000000008b000000, 0x00000000d5580000)
  object space 180224K, 99% used [0x0000000080000000,0x000000008afc64e8,0x000000008b000000)
 Metaspace       used 59454K, committed 60672K, reserved 1114112K
  class space    used 6412K, committed 6976K, reserved 1048576K
GC Heap History (20 events):
Event: 53.490 GC heap before
{Heap before GC invocations=137 (full 3):
 PSYoungGen      total 4096K, used 3826K [0x00000000d5580000, 0x00000000d5b80000, 0x0000000100000000)
  eden space 3072K, 100% used [0x00000000d5580000,0x00000000d5880000,0x00000000d5880000)
  from space 1024K, 73% used [0x00000000d5880000,0x00000000d593cb90,0x00000000d5980000)
  to   space 1536K, 0% used [0x00000000d5a00000,0x00000000d5a00000,0x00000000d5b80000)
 ParOldGen       total 167424K, used 167102K [0x0000000080000000, 0x000000008a380000, 0x00000000d5580000)
  object space 167424K, 99% used [0x0000000080000000,0x000000008a32f818,0x000000008a380000)
 Metaspace       used 58704K, committed 59968K, reserved 1114112K
  class space    used 6349K, committed 6912K, reserved 1048576K
}
Event: 53.491 GC heap after
{Heap after GC invocations=137 (full 3):
 PSYoungGen      total 4608K, used 1254K [0x00000000d5580000, 0x00000000d5b80000, 0x0000000100000000)
  eden space 3072K, 0% used [0x00000000d5580000,0x00000000d5580000,0x00000000d5880000)
  from space 1536K, 81% used [0x00000000d5a00000,0x00000000d5b39978,0x00000000d5b80000)
  to   space 1536K, 0% used [0x00000000d5880000,0x00000000d5880000,0x00000000d5a00000)
 ParOldGen       total 167936K, used 167639K [0x0000000080000000, 0x000000008a400000, 0x00000000d5580000)
  object space 167936K, 99% used [0x0000000080000000,0x000000008a3b5ce8,0x000000008a400000)
 Metaspace       used 58704K, committed 59968K, reserved 1114112K
  class space    used 6349K, committed 6912K, reserved 1048576K
}
Event: 53.500 GC heap before
{Heap before GC invocations=138 (full 3):
 PSYoungGen      total 4608K, used 4326K [0x00000000d5580000, 0x00000000d5b80000, 0x0000000100000000)
  eden space 3072K, 100% used [0x00000000d5580000,0x00000000d5880000,0x00000000d5880000)
  from space 1536K, 81% used [0x00000000d5a00000,0x00000000d5b39978,0x00000000d5b80000)
  to   space 1536K, 0% used [0x00000000d5880000,0x00000000d5880000,0x00000000d5a00000)
 ParOldGen       total 167936K, used 167639K [0x0000000080000000, 0x000000008a400000, 0x00000000d5580000)
  object space 167936K, 99% used [0x0000000080000000,0x000000008a3b5ce8,0x000000008a400000)
 Metaspace       used 58705K, committed 59968K, reserved 1114112K
  class space    used 6349K, committed 6912K, reserved 1048576K
}
Event: 53.501 GC heap after
{Heap after GC invocations=138 (full 3):
 PSYoungGen      total 4608K, used 1292K [0x00000000d5580000, 0x00000000d5b80000, 0x0000000100000000)
  eden space 3072K, 0% used [0x00000000d5580000,0x00000000d5580000,0x00000000d5880000)
  from space 1536K, 84% used [0x00000000d5880000,0x00000000d59c3098,0x00000000d5a00000)
  to   space 1536K, 0% used [0x00000000d5a00000,0x00000000d5a00000,0x00000000d5b80000)
 ParOldGen       total 167936K, used 167886K [0x0000000080000000, 0x000000008a400000, 0x00000000d5580000)
  object space 167936K, 99% used [0x0000000080000000,0x000000008a3f3968,0x000000008a400000)
 Metaspace       used 58705K, committed 59968K, reserved 1114112K
  class space    used 6349K, committed 6912K, reserved 1048576K
}
Event: 53.504 GC heap before
{Heap before GC invocations=139 (full 3):
 PSYoungGen      total 4608K, used 4364K [0x00000000d5580000, 0x00000000d5b80000, 0x0000000100000000)
  eden space 3072K, 100% used [0x00000000d5580000,0x00000000d5880000,0x00000000d5880000)
  from space 1536K, 84% used [0x00000000d5880000,0x00000000d59c3098,0x00000000d5a00000)
  to   space 1536K, 0% used [0x00000000d5a00000,0x00000000d5a00000,0x00000000d5b80000)
 ParOldGen       total 167936K, used 167886K [0x0000000080000000, 0x000000008a400000, 0x00000000d5580000)
  object space 167936K, 99% used [0x0000000080000000,0x000000008a3f3968,0x000000008a400000)
 Metaspace       used 58705K, committed 59968K, reserved 1114112K
  class space    used 6349K, committed 6912K, reserved 1048576K
}
Event: 53.505 GC heap after
{Heap after GC invocations=139 (full 3):
 PSYoungGen      total 4608K, used 1346K [0x00000000d5580000, 0x00000000d5b80000, 0x0000000100000000)
  eden space 3072K, 0% used [0x00000000d5580000,0x00000000d5580000,0x00000000d5880000)
  from space 1536K, 87% used [0x00000000d5a00000,0x00000000d5b50a38,0x00000000d5b80000)
  to   space 1536K, 0% used [0x00000000d5880000,0x00000000d5880000,0x00000000d5a00000)
 ParOldGen       total 168448K, used 168163K [0x0000000080000000, 0x000000008a480000, 0x00000000d5580000)
  object space 168448K, 99% used [0x0000000080000000,0x000000008a438f10,0x000000008a480000)
 Metaspace       used 58705K, committed 59968K, reserved 1114112K
  class space    used 6349K, committed 6912K, reserved 1048576K
}
Event: 53.508 GC heap before
{Heap before GC invocations=140 (full 3):
 PSYoungGen      total 4608K, used 4418K [0x00000000d5580000, 0x00000000d5b80000, 0x0000000100000000)
  eden space 3072K, 100% used [0x00000000d5580000,0x00000000d5880000,0x00000000d5880000)
  from space 1536K, 87% used [0x00000000d5a00000,0x00000000d5b50a38,0x00000000d5b80000)
  to   space 1536K, 0% used [0x00000000d5880000,0x00000000d5880000,0x00000000d5a00000)
 ParOldGen       total 168448K, used 168163K [0x0000000080000000, 0x000000008a480000, 0x00000000d5580000)
  object space 168448K, 99% used [0x0000000080000000,0x000000008a438f10,0x000000008a480000)
 Metaspace       used 58705K, committed 59968K, reserved 1114112K
  class space    used 6349K, committed 6912K, reserved 1048576K
}
Event: 53.509 GC heap after
{Heap after GC invocations=140 (full 3):
 PSYoungGen      total 4608K, used 1520K [0x00000000d5580000, 0x00000000d5c80000, 0x0000000100000000)
  eden space 3072K, 0% used [0x00000000d5580000,0x00000000d5580000,0x00000000d5880000)
  from space 1536K, 98% used [0x00000000d5880000,0x00000000d59fc1a8,0x00000000d5a00000)
  to   space 2048K, 0% used [0x00000000d5a80000,0x00000000d5a80000,0x00000000d5c80000)
 ParOldGen       total 168960K, used 168492K [0x0000000080000000, 0x000000008a500000, 0x00000000d5580000)
  object space 168960K, 99% used [0x0000000080000000,0x000000008a48b118,0x000000008a500000)
 Metaspace       used 58705K, committed 59968K, reserved 1114112K
  class space    used 6349K, committed 6912K, reserved 1048576K
}
Event: 53.511 GC heap before
{Heap before GC invocations=141 (full 3):
 PSYoungGen      total 4608K, used 4592K [0x00000000d5580000, 0x00000000d5c80000, 0x0000000100000000)
  eden space 3072K, 99% used [0x00000000d5580000,0x00000000d587ffd0,0x00000000d5880000)
  from space 1536K, 98% used [0x00000000d5880000,0x00000000d59fc1a8,0x00000000d5a00000)
  to   space 2048K, 0% used [0x00000000d5a80000,0x00000000d5a80000,0x00000000d5c80000)
 ParOldGen       total 168960K, used 168492K [0x0000000080000000, 0x000000008a500000, 0x00000000d5580000)
  object space 168960K, 99% used [0x0000000080000000,0x000000008a48b118,0x000000008a500000)
 Metaspace       used 58705K, committed 59968K, reserved 1114112K
  class space    used 6349K, committed 6912K, reserved 1048576K
}
Event: 53.511 GC heap after
{Heap after GC invocations=141 (full 3):
 PSYoungGen      total 5632K, used 641K [0x00000000d5580000, 0x00000000d5c80000, 0x0000000100000000)
  eden space 3584K, 0% used [0x00000000d5580000,0x00000000d5580000,0x00000000d5900000)
  from space 2048K, 31% used [0x00000000d5a80000,0x00000000d5b20440,0x00000000d5c80000)
  to   space 1536K, 0% used [0x00000000d5900000,0x00000000d5900000,0x00000000d5a80000)
 ParOldGen       total 168960K, used 168834K [0x0000000080000000, 0x000000008a500000, 0x00000000d5580000)
  object space 168960K, 99% used [0x0000000080000000,0x000000008a4e0a80,0x000000008a500000)
 Metaspace       used 58705K, committed 59968K, reserved 1114112K
  class space    used 6349K, committed 6912K, reserved 1048576K
}
Event: 53.513 GC heap before
{Heap before GC invocations=142 (full 3):
 PSYoungGen      total 5632K, used 4177K [0x00000000d5580000, 0x00000000d5c80000, 0x0000000100000000)
  eden space 3584K, 98% used [0x00000000d5580000,0x00000000d58f4300,0x00000000d5900000)
  from space 2048K, 31% used [0x00000000d5a80000,0x00000000d5b20440,0x00000000d5c80000)
  to   space 1536K, 0% used [0x00000000d5900000,0x00000000d5900000,0x00000000d5a80000)
 ParOldGen       total 168960K, used 168834K [0x0000000080000000, 0x000000008a500000, 0x00000000d5580000)
  object space 168960K, 99% used [0x0000000080000000,0x000000008a4e0a80,0x000000008a500000)
 Metaspace       used 58705K, committed 59968K, reserved 1114112K
  class space    used 6349K, committed 6912K, reserved 1048576K
}
Event: 53.514 GC heap after
{Heap after GC invocations=142 (full 3):
 PSYoungGen      total 5120K, used 1181K [0x00000000d5580000, 0x00000000d5d00000, 0x0000000100000000)
  eden space 3584K, 0% used [0x00000000d5580000,0x00000000d5580000,0x00000000d5900000)
  from space 1536K, 76% used [0x00000000d5900000,0x00000000d5a27510,0x00000000d5a80000)
  to   space 1536K, 0% used [0x00000000d5b80000,0x00000000d5b80000,0x00000000d5d00000)
 ParOldGen       total 169472K, used 169076K [0x0000000080000000, 0x000000008a580000, 0x00000000d5580000)
  object space 169472K, 99% used [0x0000000080000000,0x000000008a51d220,0x000000008a580000)
 Metaspace       used 58705K, committed 59968K, reserved 1114112K
  class space    used 6349K, committed 6912K, reserved 1048576K
}
Event: 53.520 GC heap before
{Heap before GC invocations=143 (full 3):
 PSYoungGen      total 5120K, used 4765K [0x00000000d5580000, 0x00000000d5d00000, 0x0000000100000000)
  eden space 3584K, 100% used [0x00000000d5580000,0x00000000d5900000,0x00000000d5900000)
  from space 1536K, 76% used [0x00000000d5900000,0x00000000d5a27510,0x00000000d5a80000)
  to   space 1536K, 0% used [0x00000000d5b80000,0x00000000d5b80000,0x00000000d5d00000)
 ParOldGen       total 169472K, used 169076K [0x0000000080000000, 0x000000008a580000, 0x00000000d5580000)
  object space 169472K, 99% used [0x0000000080000000,0x000000008a51d220,0x000000008a580000)
 Metaspace       used 58707K, committed 59968K, reserved 1114112K
  class space    used 6349K, committed 6912K, reserved 1048576K
}
Event: 53.521 GC heap after
{Heap after GC invocations=143 (full 3):
 PSYoungGen      total 6144K, used 947K [0x00000000d5580000, 0x00000000d5d00000, 0x0000000100000000)
  eden space 4608K, 0% used [0x00000000d5580000,0x00000000d5580000,0x00000000d5a00000)
  from space 1536K, 61% used [0x00000000d5b80000,0x00000000d5c6ccf8,0x00000000d5d00000)
  to   space 1536K, 0% used [0x00000000d5a00000,0x00000000d5a00000,0x00000000d5b80000)
 ParOldGen       total 170496K, used 170396K [0x0000000080000000, 0x000000008a680000, 0x00000000d5580000)
  object space 170496K, 99% used [0x0000000080000000,0x000000008a667120,0x000000008a680000)
 Metaspace       used 58707K, committed 59968K, reserved 1114112K
  class space    used 6349K, committed 6912K, reserved 1048576K
}
Event: 53.546 GC heap before
{Heap before GC invocations=144 (full 3):
 PSYoungGen      total 6144K, used 5555K [0x00000000d5580000, 0x00000000d5d00000, 0x0000000100000000)
  eden space 4608K, 100% used [0x00000000d5580000,0x00000000d5a00000,0x00000000d5a00000)
  from space 1536K, 61% used [0x00000000d5b80000,0x00000000d5c6ccf8,0x00000000d5d00000)
  to   space 1536K, 0% used [0x00000000d5a00000,0x00000000d5a00000,0x00000000d5b80000)
 ParOldGen       total 170496K, used 170396K [0x0000000080000000, 0x000000008a680000, 0x00000000d5580000)
  object space 170496K, 99% used [0x0000000080000000,0x000000008a667120,0x000000008a680000)
 Metaspace       used 58873K, committed 60096K, reserved 1114112K
  class space    used 6351K, committed 6912K, reserved 1048576K
}
Event: 53.547 GC heap after
{Heap after GC invocations=144 (full 3):
 PSYoungGen      total 5632K, used 608K [0x00000000d5580000, 0x00000000d5c00000, 0x0000000100000000)
  eden space 4608K, 0% used [0x00000000d5580000,0x00000000d5580000,0x00000000d5a00000)
  from space 1024K, 59% used [0x00000000d5a00000,0x00000000d5a98000,0x00000000d5b00000)
  to   space 1024K, 0% used [0x00000000d5b00000,0x00000000d5b00000,0x00000000d5c00000)
 ParOldGen       total 171520K, used 171176K [0x0000000080000000, 0x000000008a780000, 0x00000000d5580000)
  object space 171520K, 99% used [0x0000000080000000,0x000000008a72a180,0x000000008a780000)
 Metaspace       used 58873K, committed 60096K, reserved 1114112K
  class space    used 6351K, committed 6912K, reserved 1048576K
}
Event: 53.563 GC heap before
{Heap before GC invocations=145 (full 3):
 PSYoungGen      total 5632K, used 5216K [0x00000000d5580000, 0x00000000d5c00000, 0x0000000100000000)
  eden space 4608K, 100% used [0x00000000d5580000,0x00000000d5a00000,0x00000000d5a00000)
  from space 1024K, 59% used [0x00000000d5a00000,0x00000000d5a98000,0x00000000d5b00000)
  to   space 1024K, 0% used [0x00000000d5b00000,0x00000000d5b00000,0x00000000d5c00000)
 ParOldGen       total 171520K, used 171177K [0x0000000080000000, 0x000000008a780000, 0x00000000d5580000)
  object space 171520K, 99% used [0x0000000080000000,0x000000008a72a400,0x000000008a780000)
 Metaspace       used 58973K, committed 60160K, reserved 1114112K
  class space    used 6362K, committed 6912K, reserved 1048576K
}
Event: 53.564 GC heap after
{Heap after GC invocations=145 (full 3):
 PSYoungGen      total 4608K, used 997K [0x00000000d5580000, 0x00000000d5e00000, 0x0000000100000000)
  eden space 3584K, 0% used [0x00000000d5580000,0x00000000d5580000,0x00000000d5900000)
  from space 1024K, 97% used [0x00000000d5b00000,0x00000000d5bf9720,0x00000000d5c00000)
  to   space 2048K, 0% used [0x00000000d5900000,0x00000000d5900000,0x00000000d5b00000)
 ParOldGen       total 172032K, used 171660K [0x0000000080000000, 0x000000008a800000, 0x00000000d5580000)
  object space 172032K, 99% used [0x0000000080000000,0x000000008a7a3180,0x000000008a800000)
 Metaspace       used 58973K, committed 60160K, reserved 1114112K
  class space    used 6362K, committed 6912K, reserved 1048576K
}
Event: 53.581 GC heap before
{Heap before GC invocations=146 (full 3):
 PSYoungGen      total 4608K, used 4581K [0x00000000d5580000, 0x00000000d5e00000, 0x0000000100000000)
  eden space 3584K, 100% used [0x00000000d5580000,0x00000000d5900000,0x00000000d5900000)
  from space 1024K, 97% used [0x00000000d5b00000,0x00000000d5bf9720,0x00000000d5c00000)
  to   space 2048K, 0% used [0x00000000d5900000,0x00000000d5900000,0x00000000d5b00000)
 ParOldGen       total 172032K, used 171663K [0x0000000080000000, 0x000000008a800000, 0x00000000d5580000)
  object space 172032K, 99% used [0x0000000080000000,0x000000008a7a3cb0,0x000000008a800000)
 Metaspace       used 59072K, committed 60288K, reserved 1114112K
  class space    used 6372K, committed 6912K, reserved 1048576K
}
Event: 54.595 GC heap after
{Heap after GC invocations=146 (full 3):
 PSYoungGen      total 5632K, used 848K [0x00000000d5580000, 0x00000000d5d00000, 0x0000000100000000)
  eden space 3584K, 0% used [0x00000000d5580000,0x00000000d5580000,0x00000000d5900000)
  from space 2048K, 41% used [0x00000000d5900000,0x00000000d59d4238,0x00000000d5b00000)
  to   space 1536K, 0% used [0x00000000d5b80000,0x00000000d5b80000,0x00000000d5d00000)
 ParOldGen       total 172544K, used 172542K [0x0000000080000000, 0x000000008a880000, 0x00000000d5580000)
  object space 172544K, 99% used [0x0000000080000000,0x000000008a87f820,0x000000008a880000)
 Metaspace       used 59072K, committed 60288K, reserved 1114112K
  class space    used 6372K, committed 6912K, reserved 1048576K
}

