# JRE version: OpenJDK Runtime Environment Temurin-21.0.9+10 (21.0.9+10) (build 21.0.9+10-LTS)
# Java VM: OpenJDK 64-Bit Server VM Temurin-21.0.9+10 (21.0.9+10-LTS, mixed mode, sharing, tiered, compressed oops, compressed class ptrs, parallel gc, windows-amd64)
GC Precious Log:
 CardTable entry size: 512
 CPUs: 16 total, 16 available
 Memory: 7896M
 Large Page Support: Disabled
 NUMA Support: Disabled
 Compressed Oops: Enabled (32-bit)
 Alignments: Space 512K, Generation 512K, Heap 2M
 Heap Min Capacity: 100M
 Heap Initial Capacity: 100M
 Heap Max Capacity: 2G
 Pre-touch: Disabled
 Parallel Workers: 13
Heap:
 PSYoungGen      total 18432K, used 10405K [0x00000000d5580000, 0x00000000d7100000, 0x0000000100000000)
  eden space 12288K, 38% used [0x00000000d5580000,0x00000000d5a10658,0x00000000d6180000)
  from space 6144K, 93% used [0x00000000d6b00000,0x00000000d7099080,0x00000000d7100000)
  to   space 7168K, 0% used [0x00000000d6300000,0x00000000d6300000,0x00000000d6a00000)
 ParOldGen       total 117760K, used 117624K [0x0000000080000000, 0x0000000087300000, 0x00000000d5580000)
  object space 117760K, 99% used [0x0000000080000000,0x00000000872de368,0x0000000087300000)
 Metaspace       used 52470K, committed 53760K, reserved 1114112K
  class space    used 5716K, committed 6272K, reserved 1048576K
GC Heap History (20 events):
Event: 28.114 GC heap before
{Heap before GC invocations=31 (full 2):
 PSYoungGen      total 19456K, used 19455K [0x00000000d5580000, 0x00000000d7200000, 0x0000000100000000)
  eden space 16384K, 99% used [0x00000000d5580000,0x00000000d657fff0,0x00000000d6580000)
  from space 3072K, 100% used [0x00000000d6b00000,0x00000000d6e00000,0x00000000d6e00000)
  to   space 5632K, 0% used [0x00000000d6580000,0x00000000d6580000,0x00000000d6b00000)
 ParOldGen       total 68608K, used 34854K [0x0000000080000000, 0x0000000084300000, 0x00000000d5580000)
  object space 68608K, 50% used [0x0000000080000000,0x00000000822099c0,0x0000000084300000)
 Metaspace       used 51095K, committed 52224K, reserved 1114112K
  class space    used 5567K, committed 6080K, reserved 1048576K
}
Event: 28.115 GC heap after
{Heap after GC invocations=31 (full 2):
 PSYoungGen      total 17920K, used 1098K [0x00000000d5580000, 0x00000000d6b80000, 0x0000000100000000)
  eden space 16384K, 0% used [0x00000000d5580000,0x00000000d5580000,0x00000000d6580000)
  from space 1536K, 71% used [0x00000000d6580000,0x00000000d6692838,0x00000000d6700000)
  to   space 2560K, 0% used [0x00000000d6900000,0x00000000d6900000,0x00000000d6b80000)
 ParOldGen       total 68608K, used 35134K [0x0000000080000000, 0x0000000084300000, 0x00000000d5580000)
  object space 68608K, 51% used [0x0000000080000000,0x000000008224fa50,0x0000000084300000)
 Metaspace       used 51095K, committed 52224K, reserved 1114112K
  class space    used 5567K, committed 6080K, reserved 1048576K
}
Event: 28.491 GC heap before
{Heap before GC invocations=32 (full 2):
 PSYoungGen      total 17920K, used 17482K [0x00000000d5580000, 0x00000000d6b80000, 0x0000000100000000)
  eden space 16384K, 99% used [0x00000000d5580000,0x00000000d657fff8,0x00000000d6580000)
  from space 1536K, 71% used [0x00000000d6580000,0x00000000d6692838,0x00000000d6700000)
  to   space 2560K, 0% used [0x00000000d6900000,0x00000000d6900000,0x00000000d6b80000)
 ParOldGen       total 68608K, used 35134K [0x0000000080000000, 0x0000000084300000, 0x00000000d5580000)
  object space 68608K, 51% used [0x0000000080000000,0x000000008224fa50,0x0000000084300000)
 Metaspace       used 51117K, committed 52288K, reserved 1114112K
  class space    used 5570K, committed 6080K, reserved 1048576K
}
Event: 28.492 GC heap after
{Heap after GC invocations=32 (full 2):
 PSYoungGen      total 16896K, used 192K [0x00000000d5580000, 0x00000000d6980000, 0x0000000100000000)
  eden space 16384K, 0% used [0x00000000d5580000,0x00000000d5580000,0x00000000d6580000)
  from space 512K, 37% used [0x00000000d6900000,0x00000000d6930000,0x00000000d6980000)
  to   space 1024K, 0% used [0x00000000d6780000,0x00000000d6780000,0x00000000d6880000)
 ParOldGen       total 68608K, used 36101K [0x0000000080000000, 0x0000000084300000, 0x00000000d5580000)
  object space 68608K, 52% used [0x0000000080000000,0x00000000823415e8,0x0000000084300000)
 Metaspace       used 51117K, committed 52288K, reserved 1114112K
  class space    used 5570K, committed 6080K, reserved 1048576K
}
Event: 28.749 GC heap before
{Heap before GC invocations=33 (full 2):
 PSYoungGen      total 16896K, used 16576K [0x00000000d5580000, 0x00000000d6980000, 0x0000000100000000)
  eden space 16384K, 100% used [0x00000000d5580000,0x00000000d6580000,0x00000000d6580000)
  from space 512K, 37% used [0x00000000d6900000,0x00000000d6930000,0x00000000d6980000)
  to   space 1024K, 0% used [0x00000000d6780000,0x00000000d6780000,0x00000000d6880000)
 ParOldGen       total 68608K, used 36101K [0x0000000080000000, 0x0000000084300000, 0x00000000d5580000)
  object space 68608K, 52% used [0x0000000080000000,0x00000000823415e8,0x0000000084300000)
 Metaspace       used 51118K, committed 52288K, reserved 1114112K
  class space    used 5570K, committed 6080K, reserved 1048576K
}
Event: 28.750 GC heap after
{Heap after GC invocations=33 (full 2):
 PSYoungGen      total 17408K, used 224K [0x00000000d5580000, 0x00000000d6980000, 0x0000000100000000)
  eden space 16384K, 0% used [0x00000000d5580000,0x00000000d5580000,0x00000000d6580000)
  from space 1024K, 21% used [0x00000000d6780000,0x00000000d67b8000,0x00000000d6880000)
  to   space 512K, 0% used [0x00000000d6900000,0x00000000d6900000,0x00000000d6980000)
 ParOldGen       total 68608K, used 36181K [0x0000000080000000, 0x0000000084300000, 0x00000000d5580000)
  object space 68608K, 52% used [0x0000000080000000,0x00000000823555e8,0x0000000084300000)
 Metaspace       used 51118K, committed 52288K, reserved 1114112K
  class space    used 5570K, committed 6080K, reserved 1048576K
}
Event: 29.117 GC heap before
{Heap before GC invocations=34 (full 2):
 PSYoungGen      total 17408K, used 16608K [0x00000000d5580000, 0x00000000d6980000, 0x0000000100000000)
  eden space 16384K, 100% used [0x00000000d5580000,0x00000000d6580000,0x00000000d6580000)
  from space 1024K, 21% used [0x00000000d6780000,0x00000000d67b8000,0x00000000d6880000)
  to   space 512K, 0% used [0x00000000d6900000,0x00000000d6900000,0x00000000d6980000)
 ParOldGen       total 68608K, used 36181K [0x0000000080000000, 0x0000000084300000, 0x00000000d5580000)
  object space 68608K, 52% used [0x0000000080000000,0x00000000823555e8,0x0000000084300000)
 Metaspace       used 51487K, committed 52672K, reserved 1114112K
  class space    used 5618K, committed 6144K, reserved 1048576K
}
Event: 29.118 GC heap after
{Heap after GC invocations=34 (full 2):
 PSYoungGen      total 16896K, used 472K [0x00000000d5580000, 0x00000000d6980000, 0x0000000100000000)
  eden space 16384K, 0% used [0x00000000d5580000,0x00000000d5580000,0x00000000d6580000)
  from space 512K, 92% used [0x00000000d6900000,0x00000000d69761a8,0x00000000d6980000)
  to   space 1024K, 0% used [0x00000000d6780000,0x00000000d6780000,0x00000000d6880000)
 ParOldGen       total 68608K, used 36213K [0x0000000080000000, 0x0000000084300000, 0x00000000d5580000)
  object space 68608K, 52% used [0x0000000080000000,0x000000008235d5e8,0x0000000084300000)
 Metaspace       used 51487K, committed 52672K, reserved 1114112K
  class space    used 5618K, committed 6144K, reserved 1048576K
}
Event: 29.422 GC heap before
{Heap before GC invocations=35 (full 2):
 PSYoungGen      total 16896K, used 15096K [0x00000000d5580000, 0x00000000d6980000, 0x0000000100000000)
  eden space 16384K, 89% used [0x00000000d5580000,0x00000000d63c8188,0x00000000d6580000)
  from space 512K, 92% used [0x00000000d6900000,0x00000000d69761a8,0x00000000d6980000)
  to   space 1024K, 0% used [0x00000000d6780000,0x00000000d6780000,0x00000000d6880000)
 ParOldGen       total 68608K, used 36213K [0x0000000080000000, 0x0000000084300000, 0x00000000d5580000)
  object space 68608K, 52% used [0x0000000080000000,0x000000008235d5e8,0x0000000084300000)
 Metaspace       used 51841K, committed 52992K, reserved 1114112K
  class space    used 5661K, committed 6144K, reserved 1048576K
}
Event: 29.427 GC heap after
{Heap after GC invocations=35 (full 2):
 PSYoungGen      total 17408K, used 425K [0x00000000d5580000, 0x00000000d6980000, 0x0000000100000000)
  eden space 16384K, 0% used [0x00000000d5580000,0x00000000d5580000,0x00000000d6580000)
  from space 1024K, 41% used [0x00000000d6780000,0x00000000d67ea7c0,0x00000000d6880000)
  to   space 512K, 0% used [0x00000000d6900000,0x00000000d6900000,0x00000000d6980000)
 ParOldGen       total 68608K, used 46756K [0x0000000080000000, 0x0000000084300000, 0x00000000d5580000)
  object space 68608K, 68% used [0x0000000080000000,0x0000000082da9058,0x0000000084300000)
 Metaspace       used 51841K, committed 52992K, reserved 1114112K
  class space    used 5661K, committed 6144K, reserved 1048576K
}
Event: 29.509 GC heap before
{Heap before GC invocations=36 (full 2):
 PSYoungGen      total 17408K, used 16809K [0x00000000d5580000, 0x00000000d6980000, 0x0000000100000000)
  eden space 16384K, 100% used [0x00000000d5580000,0x00000000d6580000,0x00000000d6580000)
  from space 1024K, 41% used [0x00000000d6780000,0x00000000d67ea7c0,0x00000000d6880000)
  to   space 512K, 0% used [0x00000000d6900000,0x00000000d6900000,0x00000000d6980000)
 ParOldGen       total 91136K, used 84094K [0x0000000080000000, 0x0000000085900000, 0x00000000d5580000)
  object space 91136K, 92% used [0x0000000080000000,0x000000008521fba8,0x0000000085900000)
 Metaspace       used 51861K, committed 53056K, reserved 1114112K
  class space    used 5664K, committed 6144K, reserved 1048576K
}
Event: 29.512 GC heap after
{Heap after GC invocations=36 (full 2):
 PSYoungGen      total 12800K, used 512K [0x00000000d5580000, 0x00000000d7480000, 0x0000000100000000)
  eden space 12288K, 0% used [0x00000000d5580000,0x00000000d5580000,0x00000000d6180000)
  from space 512K, 100% used [0x00000000d6900000,0x00000000d6980000,0x00000000d6980000)
  to   space 7680K, 0% used [0x00000000d6180000,0x00000000d6180000,0x00000000d6900000)
 ParOldGen       total 91136K, used 89800K [0x0000000080000000, 0x0000000085900000, 0x00000000d5580000)
  object space 91136K, 98% used [0x0000000080000000,0x00000000857b2368,0x0000000085900000)
 Metaspace       used 51861K, committed 53056K, reserved 1114112K
  class space    used 5664K, committed 6144K, reserved 1048576K
}
Event: 29.542 GC heap before
{Heap before GC invocations=37 (full 2):
 PSYoungGen      total 12800K, used 12800K [0x00000000d5580000, 0x00000000d7480000, 0x0000000100000000)
  eden space 12288K, 100% used [0x00000000d5580000,0x00000000d6180000,0x00000000d6180000)
  from space 512K, 100% used [0x00000000d6900000,0x00000000d6980000,0x00000000d6980000)
  to   space 7680K, 0% used [0x00000000d6180000,0x00000000d6180000,0x00000000d6900000)
 ParOldGen       total 91136K, used 89800K [0x0000000080000000, 0x0000000085900000, 0x00000000d5580000)
  object space 91136K, 98% used [0x0000000080000000,0x00000000857b2368,0x0000000085900000)
 Metaspace       used 51861K, committed 53056K, reserved 1114112K
  class space    used 5664K, committed 6144K, reserved 1048576K
}
Event: 29.545 GC heap after
{Heap after GC invocations=37 (full 2):
 PSYoungGen      total 19968K, used 7680K [0x00000000d5580000, 0x00000000d7580000, 0x0000000100000000)
  eden space 12288K, 0% used [0x00000000d5580000,0x00000000d5580000,0x00000000d6180000)
  from space 7680K, 100% used [0x00000000d6180000,0x00000000d6900000,0x00000000d6900000)
  to   space 10240K, 0% used [0x00000000d6b80000,0x00000000d6b80000,0x00000000d7580000)
 ParOldGen       total 91648K, used 91408K [0x0000000080000000, 0x0000000085980000, 0x00000000d5580000)
  object space 91648K, 99% used [0x0000000080000000,0x0000000085944368,0x0000000085980000)
 Metaspace       used 51861K, committed 53056K, reserved 1114112K
  class space    used 5664K, committed 6144K, reserved 1048576K
}
Event: 29.567 GC heap before
{Heap before GC invocations=38 (full 2):
 PSYoungGen      total 19968K, used 19968K [0x00000000d5580000, 0x00000000d7580000, 0x0000000100000000)
  eden space 12288K, 100% used [0x00000000d5580000,0x00000000d6180000,0x00000000d6180000)
  from space 7680K, 100% used [0x00000000d6180000,0x00000000d6900000,0x00000000d6900000)
  to   space 10240K, 0% used [0x00000000d6b80000,0x00000000d6b80000,0x00000000d7580000)
 ParOldGen       total 91648K, used 91408K [0x0000000080000000, 0x0000000085980000, 0x00000000d5580000)
  object space 91648K, 99% used [0x0000000080000000,0x0000000085944368,0x0000000085980000)
 Metaspace       used 51861K, committed 53056K, reserved 1114112K
  class space    used 5664K, committed 6144K, reserved 1048576K
}
Event: 29.573 GC heap after
{Heap after GC invocations=38 (full 2):
 PSYoungGen      total 21504K, used 9120K [0x00000000d5580000, 0x00000000d7480000, 0x0000000100000000)
  eden space 12288K, 0% used [0x00000000d5580000,0x00000000d5580000,0x00000000d6180000)
  from space 9216K, 98% used [0x00000000d6b80000,0x00000000d7468000,0x00000000d7480000)
  to   space 9728K, 0% used [0x00000000d6180000,0x00000000d6180000,0x00000000d6b00000)
 ParOldGen       total 99328K, used 99176K [0x0000000080000000, 0x0000000086100000, 0x00000000d5580000)
  object space 99328K, 99% used [0x0000000080000000,0x00000000860da368,0x0000000086100000)
 Metaspace       used 51861K, committed 53056K, reserved 1114112K
  class space    used 5664K, committed 6144K, reserved 1048576K
}
Event: 29.592 GC heap before
{Heap before GC invocations=39 (full 2):
 PSYoungGen      total 21504K, used 21408K [0x00000000d5580000, 0x00000000d7480000, 0x0000000100000000)
  eden space 12288K, 100% used [0x00000000d5580000,0x00000000d6180000,0x00000000d6180000)
  from space 9216K, 98% used [0x00000000d6b80000,0x00000000d7468000,0x00000000d7480000)
  to   space 9728K, 0% used [0x00000000d6180000,0x00000000d6180000,0x00000000d6b00000)
 ParOldGen       total 99328K, used 99176K [0x0000000080000000, 0x0000000086100000, 0x00000000d5580000)
  object space 99328K, 99% used [0x0000000080000000,0x00000000860da368,0x0000000086100000)
 Metaspace       used 51861K, committed 53056K, reserved 1114112K
  class space    used 5664K, committed 6144K, reserved 1048576K
}
Event: 29.598 GC heap after
{Heap after GC invocations=39 (full 2):
 PSYoungGen      total 22016K, used 9600K [0x00000000d5580000, 0x00000000d7480000, 0x0000000100000000)
  eden space 12288K, 0% used [0x00000000d5580000,0x00000000d5580000,0x00000000d6180000)
  from space 9728K, 98% used [0x00000000d6180000,0x00000000d6ae0000,0x00000000d6b00000)
  to   space 9728K, 0% used [0x00000000d6b00000,0x00000000d6b00000,0x00000000d7480000)
 ParOldGen       total 108544K, used 108176K [0x0000000080000000, 0x0000000086a00000, 0x00000000d5580000)
  object space 108544K, 99% used [0x0000000080000000,0x00000000869a4368,0x0000000086a00000)
 Metaspace       used 51861K, committed 53056K, reserved 1114112K
  class space    used 5664K, committed 6144K, reserved 1048576K
}
Event: 60.619 GC heap before
{Heap before GC invocations=40 (full 2):
 PSYoungGen      total 22016K, used 21888K [0x00000000d5580000, 0x00000000d7480000, 0x0000000100000000)
  eden space 12288K, 100% used [0x00000000d5580000,0x00000000d6180000,0x00000000d6180000)
  from space 9728K, 98% used [0x00000000d6180000,0x00000000d6ae0000,0x00000000d6b00000)
  to   space 9728K, 0% used [0x00000000d6b00000,0x00000000d6b00000,0x00000000d7480000)
 ParOldGen       total 108544K, used 108176K [0x0000000080000000, 0x0000000086a00000, 0x00000000d5580000)
  object space 108544K, 99% used [0x0000000080000000,0x00000000869a4368,0x0000000086a00000)
 Metaspace       used 52305K, committed 53568K, reserved 1114112K
  class space    used 5711K, committed 6272K, reserved 1048576K
}
Event: 60.715 GC heap after
{Heap after GC invocations=40 (full 2):
 PSYoungGen      total 18432K, used 5732K [0x00000000d5580000, 0x00000000d7100000, 0x0000000100000000)
  eden space 12288K, 0% used [0x00000000d5580000,0x00000000d5580000,0x00000000d6180000)
  from space 6144K, 93% used [0x00000000d6b00000,0x00000000d7099080,0x00000000d7100000)
  to   space 7168K, 0% used [0x00000000d6300000,0x00000000d6300000,0x00000000d6a00000)
 ParOldGen       total 117760K, used 117624K [0x0000000080000000, 0x0000000087300000, 0x00000000d5580000)
  object space 117760K, 99% used [0x0000000080000000,0x00000000872de368,0x0000000087300000)
 Metaspace       used 52305K, committed 53568K, reserved 1114112K
  class space    used 5711K, committed 6272K, reserved 1048576K
}

